<?xml version="1.0" encoding="UTF-8"?>
<!-- Generated by org.testng.reporters.JUnitReportReporter -->
<testsuite hostname="DESKTOP-HE426NT" failures="0" tests="1" name="Tests.Login" time="0.013" errors="0" timestamp="2021-01-18T18:17:15 IST" skipped="0">
  <testcase classname="Tests.Login" name="login" time="0.013"/>
  <system-out/>
</testsuite> <!-- Tests.Login -->
