<?xml version="1.0" encoding="UTF-8"?>
<!-- Generated by org.testng.reporters.JUnitReportReporter -->
<testsuite hostname="DESKTOP-HE426NT" failures="0" tests="2" name="com.framework.tests.TC_Login_001" time="1.678" errors="0" timestamp="2021-04-23T11:28:15 IST" skipped="0">
  <testcase classname="com.framework.tests.TC_Login_001" name="login" time="1.670"/>
  <system-out>
URL opened phone  </system-out>
  <testcase classname="com.framework.tests.TC_Login_001" name="startTest" time="0.008"/>
  <system-out/>
</testsuite> <!-- com.framework.tests.TC_Login_001 -->
