<?xml version="1.0" encoding="UTF-8"?>
<!-- Generated by org.testng.reporters.JUnitReportReporter -->
<testsuite hostname="DESKTOP-HE426NT" failures="0" tests="2" name="com.framework.tests.Homepage" time="1.455" errors="0" timestamp="2021-04-23T11:28:15 IST" skipped="0">
  <testcase classname="com.framework.tests.Homepage" name="login" time="1.452"/>
  <system-out>
URL opened  </system-out>
  <testcase classname="com.framework.tests.Homepage" name="startTest" time="0.003"/>
  <system-out/>
</testsuite> <!-- com.framework.tests.Homepage -->
