<?xml version="1.0" encoding="UTF-8"?>
<!-- Generated by org.testng.reporters.JUnitReportReporter -->
<testsuite hostname="DESKTOP-HE426NT" failures="0" tests="2" name="com.framework.tests.ResetPassword" time="1.361" errors="0" timestamp="2021-05-26T13:25:20 IST" skipped="0">
  <testcase classname="com.framework.tests.ResetPassword" name="login" time="1.358"/>
  <system-out>
URL opened phone  </system-out>
  <testcase classname="com.framework.tests.ResetPassword" name="startTest" time="0.003"/>
  <system-out/>
</testsuite> <!-- com.framework.tests.ResetPassword -->
