<?xml version="1.0" encoding="UTF-8"?>
<!-- Generated by org.testng.reporters.JUnitReportReporter -->
<testsuite hostname="DESKTOP-HE426NT" failures="0" tests="2" name="com.framework.tests.Adminlogin" time="1.613" errors="0" timestamp="2021-05-27T17:38:00 IST" skipped="0">
  <testcase classname="com.framework.tests.Adminlogin" name="startTest" time="0.004"/>
  <system-out/>
  <testcase classname="com.framework.tests.Adminlogin" name="login" time="1.609"/>
  <system-out>
URL opened  </system-out>
</testsuite> <!-- com.framework.tests.Adminlogin -->
