<?xml version="1.0" encoding="UTF-8"?>
<!-- Generated by org.testng.reporters.JUnitReportReporter -->
<testsuite hostname="DESKTOP-HE426NT" failures="0" tests="2" name="com.Rallyon.tests.Homepage" time="2.174" errors="0" timestamp="2021-04-19T14:21:49 IST" skipped="0">
  <testcase classname="com.Rallyon.tests.Homepage" name="login" time="2.172"/>
  <system-out>
URL opened  </system-out>
  <testcase classname="com.Rallyon.tests.Homepage" name="startTest" time="0.002"/>
  <system-out/>
</testsuite> <!-- com.Rallyon.tests.Homepage -->
