<?xml version="1.0" encoding="UTF-8"?>
<!-- Generated by org.testng.reporters.JUnitReportReporter -->
<testsuite hostname="DESKTOP-HE426NT" failures="0" tests="2" name="com.Rallyon.tests.TC_Login_001" time="4.351" errors="0" timestamp="2021-04-19T14:21:49 IST" skipped="0">
  <testcase classname="com.Rallyon.tests.TC_Login_001" name="login" time="4.341"/>
  <system-out>
URL opened  </system-out>
  <testcase classname="com.Rallyon.tests.TC_Login_001" name="startTest" time="0.010"/>
  <system-out/>
</testsuite> <!-- com.Rallyon.tests.TC_Login_001 -->
