<?xml version="1.0" encoding="UTF-8"?>
<!-- Generated by org.testng.reporters.JUnitReportReporter -->
<testsuite hostname="DESKTOP-HE426NT" failures="0" tests="1" name="com.Miles_admin.tests.Adminlogin" time="7.650" errors="0" timestamp="2021-05-28T10:57:04 IST" skipped="0">
  <testcase classname="com.Miles_admin.tests.Adminlogin" name="login" time="7.650"/>
  <system-out>
URL opened  </system-out>
</testsuite> <!-- com.Miles_admin.tests.Adminlogin -->
