<?xml version="1.0" encoding="UTF-8"?>
<!-- Generated by org.testng.reporters.JUnitReportReporter -->
<testsuite hostname="DESKTOP-HE426NT" failures="0" tests="1" name="Tests.Config" time="0.007" errors="0" timestamp="2021-01-18T16:46:40 IST" skipped="0">
  <testcase classname="Tests.Config" name="run" time="0.007"/>
  <system-out/>
</testsuite> <!-- Tests.Config -->
